-------------------------------------------------------------------------------
Test set: TestSuite
-------------------------------------------------------------------------------
Tests run: 14, Failures: 9, Errors: 0, Skipped: 2, Time elapsed: 46.873 sec <<< FAILURE!
setUp(test.CaptureTest)  Time elapsed: 1.966 sec  <<< FAILURE!
org.openqa.selenium.SessionNotCreatedException: Could not start a new session. Response code 500. Message: Process unexpectedly closed with status 0
Build info: version: '4.1.1', revision: 'e8fcc2cecf'
System info: host: 'ANONYMOUS', ip: '192.168.56.1', os.name: 'Windows 11', os.arch: 'amd64', os.version: '10.0', java.version: '18.0.2'
Driver info: org.openqa.selenium.firefox.FirefoxDriver
Command: [null, newSession {capabilities=[Capabilities {acceptInsecureCerts: true, browserName: firefox, moz:debuggerAddress: true, moz:firefoxOptions: {}}], desiredCapabilities=Capabilities {acceptInsecureCerts: true, browserName: firefox, moz:debuggerAddress: true, moz:firefoxOptions: {}}}]
	at org.openqa.selenium.remote.ProtocolHandshake.createSession(ProtocolHandshake.java:126)
	at org.openqa.selenium.remote.ProtocolHandshake.createSession(ProtocolHandshake.java:84)
	at org.openqa.selenium.remote.ProtocolHandshake.createSession(ProtocolHandshake.java:62)
	at org.openqa.selenium.remote.HttpCommandExecutor.execute(HttpCommandExecutor.java:156)
	at org.openqa.selenium.remote.service.DriverCommandExecutor.invokeExecute(DriverCommandExecutor.java:167)
	at org.openqa.selenium.remote.service.DriverCommandExecutor.execute(DriverCommandExecutor.java:142)
	at org.openqa.selenium.remote.RemoteWebDriver.execute(RemoteWebDriver.java:543)
	at org.openqa.selenium.remote.RemoteWebDriver.startSession(RemoteWebDriver.java:230)
	at org.openqa.selenium.remote.RemoteWebDriver.<init>(RemoteWebDriver.java:151)
	at org.openqa.selenium.firefox.FirefoxDriver.<init>(FirefoxDriver.java:198)
	at org.openqa.selenium.firefox.FirefoxDriver.<init>(FirefoxDriver.java:186)
	at BaseConfig.BaseConfig.firefoxBrowser(BaseConfig.java:113)
	at BaseConfig.BaseConfig.setupBrowser(BaseConfig.java:37)
	at test.CaptureTest.setUp(CaptureTest.java:25)

readData(test.GrayImgTest)  Time elapsed: 0.096 sec  <<< FAILURE!
java.lang.NullPointerException: Cannot invoke "String.trim()" because "ExtractedTextFromImage" is null
	at page.ImageTextPage.grayImage(ImageTextPage.java:71)
	at test.GrayImgTest.readData(GrayImgTest.java:41)

login(test.OrangeTest)  Time elapsed: 0.001 sec  <<< FAILURE!
java.lang.IllegalArgumentException: Input must be set
	at org.openqa.selenium.internal.Require.nonNull(Require.java:56)
	at org.openqa.selenium.support.ui.FluentWait.<init>(FluentWait.java:97)
	at org.openqa.selenium.support.ui.WebDriverWait.<init>(WebDriverWait.java:128)
	at org.openqa.selenium.support.ui.WebDriverWait.<init>(WebDriverWait.java:61)
	at page.LoginPage.<init>(LoginPage.java:35)
	at test.OrangeTest.login(OrangeTest.java:39)

pimPage(test.OrangeTest)  Time elapsed: 0 sec  <<< FAILURE!
java.lang.NullPointerException: Cannot invoke "page.PIMPage.setFirstName(String)" because "this.pim" is null
	at test.OrangeTest.pimPage(OrangeTest.java:55)

adminPage(test.OrangeTest)  Time elapsed: 0.001 sec  <<< FAILURE!
java.lang.IllegalArgumentException: Input must be set
	at org.openqa.selenium.internal.Require.nonNull(Require.java:56)
	at org.openqa.selenium.support.ui.FluentWait.<init>(FluentWait.java:97)
	at org.openqa.selenium.support.ui.WebDriverWait.<init>(WebDriverWait.java:128)
	at org.openqa.selenium.support.ui.WebDriverWait.<init>(WebDriverWait.java:61)
	at page.AdminPage.<init>(AdminPage.java:59)
	at test.OrangeTest.adminPage(OrangeTest.java:47)

repeatTest(test.RepeatTest)  Time elapsed: 0.005 sec  <<< FAILURE!
java.lang.AssertionError: expected [true] but found [false]
	at org.testng.Assert.fail(Assert.java:110)
	at org.testng.Assert.failNotEquals(Assert.java:1413)
	at org.testng.Assert.assertTrue(Assert.java:56)
	at org.testng.Assert.assertTrue(Assert.java:66)
	at test.RepeatTest.repeatTest(RepeatTest.java:42)

repeatTest(test.RepeatTest)  Time elapsed: 0.001 sec  <<< FAILURE!
java.lang.AssertionError: expected [true] but found [false]
	at org.testng.Assert.fail(Assert.java:110)
	at org.testng.Assert.failNotEquals(Assert.java:1413)
	at org.testng.Assert.assertTrue(Assert.java:56)
	at org.testng.Assert.assertTrue(Assert.java:66)
	at test.RepeatTest.repeatTest(RepeatTest.java:42)

repeatTest(test.RepeatTest)  Time elapsed: 0 sec  <<< FAILURE!
java.lang.AssertionError: expected [true] but found [false]
	at org.testng.Assert.fail(Assert.java:110)
	at org.testng.Assert.failNotEquals(Assert.java:1413)
	at org.testng.Assert.assertTrue(Assert.java:56)
	at org.testng.Assert.assertTrue(Assert.java:66)
	at test.RepeatTest.repeatTest(RepeatTest.java:42)

repeatTest(test.RepeatTest)  Time elapsed: 0.001 sec  <<< FAILURE!
java.lang.AssertionError: expected [true] but found [false]
	at org.testng.Assert.fail(Assert.java:110)
	at org.testng.Assert.failNotEquals(Assert.java:1413)
	at org.testng.Assert.assertTrue(Assert.java:56)
	at org.testng.Assert.assertTrue(Assert.java:66)
	at test.RepeatTest.repeatTest(RepeatTest.java:42)

