-------------------------------------------------------------------------------
Test set: TestSuite
-------------------------------------------------------------------------------
Tests run: 9, Failures: 9, Errors: 0, Skipped: 0, Time elapsed: 133.771 sec <<< FAILURE!
readData(test.CaptureTest)  Time elapsed: 35.181 sec  <<< FAILURE!
java.lang.AssertionError: expected [Test] but found [OrangeHRM]
	at org.testng.Assert.fail(Assert.java:110)
	at org.testng.Assert.failNotEquals(Assert.java:1413)
	at org.testng.Assert.assertEqualsImpl(Assert.java:149)
	at org.testng.Assert.assertEquals(Assert.java:131)
	at org.testng.Assert.assertEquals(Assert.java:655)
	at org.testng.Assert.assertEquals(Assert.java:665)
	at test.CaptureTest.readData(CaptureTest.java:33)

login(test.OrangeTest)  Time elapsed: 30.012 sec  <<< FAILURE!
org.openqa.selenium.TimeoutException: timeout: Timed out receiving message from renderer: 28.683
  (Session info: MicrosoftEdge=104.0.1293.63)
Build info: version: '4.1.1', revision: 'e8fcc2cecf'
System info: host: 'ANONYMOUS', ip: '192.168.56.1', os.name: 'Windows 11', os.arch: 'amd64', os.version: '10.0', java.version: '18.0.2'
Driver info: org.openqa.selenium.edge.EdgeDriver
Command: [4ecf6e8320a8ba2dc14293e89f634fde, get {url=https://opensource-demo.orangehrmlive.com/web/index.php/admin/viewSystemUsers}]
Capabilities {acceptInsecureCerts: false, browserName: msedge, browserVersion: 104.0.1293.63, javascriptEnabled: true, ms:edgeOptions: {debuggerAddress: localhost:52388}, msedge: {msedgedriverVersion: 104.0.1293.91 (c5cb7597076b..., userDataDir: C:\Users\mozil\AppData\Loca...}, networkConnectionEnabled: false, pageLoadStrategy: normal, platform: WINDOWS, platformName: WINDOWS, proxy: Proxy(), se:cdp: ws://localhost:52388/devtoo..., se:cdpVersion: 104.0.1293.63, setWindowRect: true, strictFileInteractability: false, timeouts: {implicit: 0, pageLoad: 300000, script: 30000}, unhandledPromptBehavior: dismiss and notify, webauthn:extension:credBlob: true, webauthn:extension:largeBlob: true, webauthn:virtualAuthenticators: true}
Session ID: 4ecf6e8320a8ba2dc14293e89f634fde
	at java.base/jdk.internal.reflect.DirectConstructorHandleAccessor.newInstance(DirectConstructorHandleAccessor.java:67)
	at java.base/java.lang.reflect.Constructor.newInstanceWithCaller(Constructor.java:499)
	at java.base/java.lang.reflect.Constructor.newInstance(Constructor.java:483)
	at org.openqa.selenium.remote.codec.w3c.W3CHttpResponseCodec.createException(W3CHttpResponseCodec.java:200)
	at org.openqa.selenium.remote.codec.w3c.W3CHttpResponseCodec.decode(W3CHttpResponseCodec.java:133)
	at org.openqa.selenium.remote.codec.w3c.W3CHttpResponseCodec.decode(W3CHttpResponseCodec.java:53)
	at org.openqa.selenium.remote.HttpCommandExecutor.execute(HttpCommandExecutor.java:184)
	at org.openqa.selenium.remote.service.DriverCommandExecutor.invokeExecute(DriverCommandExecutor.java:167)
	at org.openqa.selenium.remote.service.DriverCommandExecutor.execute(DriverCommandExecutor.java:142)
	at org.openqa.selenium.remote.RemoteWebDriver.execute(RemoteWebDriver.java:543)
	at org.openqa.selenium.remote.RemoteWebDriver.get(RemoteWebDriver.java:312)
	at org.openqa.selenium.remote.RemoteWebDriver$RemoteNavigation.to(RemoteWebDriver.java:998)
	at test.OrangeTest.login(OrangeTest.java:47)

pimPage(test.OrangeTest)  Time elapsed: 0.001 sec  <<< FAILURE!
java.lang.NullPointerException: Cannot invoke "page.PIMPage.setFirstName(String)" because "this.pim" is null
	at test.OrangeTest.pimPage(OrangeTest.java:61)

adminPage(test.OrangeTest)  Time elapsed: 32.064 sec  <<< FAILURE!
org.openqa.selenium.TimeoutException: Expected condition failed: waiting for element to be clickable: By.xpath: //span[normalize-space()='Admin'] (tried for 30 second(s) with 500 milliseconds interval)
Build info: version: '4.1.1', revision: 'e8fcc2cecf'
System info: host: 'ANONYMOUS', ip: '192.168.56.1', os.name: 'Windows 11', os.arch: 'amd64', os.version: '10.0', java.version: '18.0.2'
Driver info: org.openqa.selenium.edge.EdgeDriver
Capabilities {acceptInsecureCerts: false, browserName: msedge, browserVersion: 104.0.1293.63, javascriptEnabled: true, ms:edgeOptions: {debuggerAddress: localhost:52388}, msedge: {msedgedriverVersion: 104.0.1293.91 (c5cb7597076b..., userDataDir: C:\Users\mozil\AppData\Loca...}, networkConnectionEnabled: false, pageLoadStrategy: normal, platform: WINDOWS, platformName: WINDOWS, proxy: Proxy(), se:cdp: ws://localhost:52388/devtoo..., se:cdpVersion: 104.0.1293.63, setWindowRect: true, strictFileInteractability: false, timeouts: {implicit: 0, pageLoad: 300000, script: 30000}, unhandledPromptBehavior: dismiss and notify, webauthn:extension:credBlob: true, webauthn:extension:largeBlob: true, webauthn:virtualAuthenticators: true}
Session ID: 4ecf6e8320a8ba2dc14293e89f634fde
	at org.openqa.selenium.support.ui.WebDriverWait.timeoutException(WebDriverWait.java:138)
	at org.openqa.selenium.support.ui.FluentWait.until(FluentWait.java:231)
	at utils.ValidateAction.clickElement(ValidateAction.java:31)
	at page.AdminPage.addUser(AdminPage.java:46)
	at test.OrangeTest.adminPage(OrangeTest.java:55)

login(test.RepeatTest)  Time elapsed: 1.553 sec  <<< FAILURE!
java.lang.AssertionError: Timeout! Page still loading...
	at org.testng.Assert.fail(Assert.java:110)
	at utils.ValidateAction.waitForPageLoad(ValidateAction.java:160)
	at page.LoginPage.login(LoginPage.java:23)
	at test.RepeatTest.login(RepeatTest.java:32)

repeatTest(test.RepeatTest)  Time elapsed: 0.001 sec  <<< FAILURE!
java.lang.AssertionError: expected [true] but found [false]
	at org.testng.Assert.fail(Assert.java:110)
	at org.testng.Assert.failNotEquals(Assert.java:1413)
	at org.testng.Assert.assertTrue(Assert.java:56)
	at org.testng.Assert.assertTrue(Assert.java:66)
	at test.RepeatTest.repeatTest(RepeatTest.java:42)

repeatTest(test.RepeatTest)  Time elapsed: 0.001 sec  <<< FAILURE!
java.lang.AssertionError: expected [true] but found [false]
	at org.testng.Assert.fail(Assert.java:110)
	at org.testng.Assert.failNotEquals(Assert.java:1413)
	at org.testng.Assert.assertTrue(Assert.java:56)
	at org.testng.Assert.assertTrue(Assert.java:66)
	at test.RepeatTest.repeatTest(RepeatTest.java:42)

repeatTest(test.RepeatTest)  Time elapsed: 0 sec  <<< FAILURE!
java.lang.AssertionError: expected [true] but found [false]
	at org.testng.Assert.fail(Assert.java:110)
	at org.testng.Assert.failNotEquals(Assert.java:1413)
	at org.testng.Assert.assertTrue(Assert.java:56)
	at org.testng.Assert.assertTrue(Assert.java:66)
	at test.RepeatTest.repeatTest(RepeatTest.java:42)

repeatTest(test.RepeatTest)  Time elapsed: 0 sec  <<< FAILURE!
java.lang.AssertionError: expected [true] but found [false]
	at org.testng.Assert.fail(Assert.java:110)
	at org.testng.Assert.failNotEquals(Assert.java:1413)
	at org.testng.Assert.assertTrue(Assert.java:56)
	at org.testng.Assert.assertTrue(Assert.java:66)
	at test.RepeatTest.repeatTest(RepeatTest.java:42)

